<?xml version="1.0" encoding="UTF-8"?>
<testsuite xmlns:xsi="http://www.w3.org/2001/XMLSchema-instance" xsi:noNamespaceSchemaLocation="https://maven.apache.org/surefire/maven-surefire-plugin/xsd/surefire-test-report-3.0.xsd" version="3.0" name="TestSuite" time="112.26" tests="11" errors="0" skipped="0" failures="0">
  <properties>
[...]
</properties>
  <testcase name="runScenario[&quot;Add product to cart&quot;, &quot;Shopping Cart&quot;](1)" classname="com.opencart.runners.TestRunner" time="9.865">
    <system-out><![CDATA[
Scenario: Add product to cart              # src/test/resources/features/cart.feature:3
  Given User searches for a product        # com.opencart.stepdefinitions.CartSteps.user_searches_for_a_product()
  When User adds product to cart           # com.opencart.stepdefinitions.CartSteps.user_adds_product_to_cart()
Added To Cart
  Then Product should be available in cart # com.opencart.stepdefinitions.CartSteps.product_should_be_available_in_cart()
]]></system-out>
    <system-err><![CDATA[SLF4J(W): No SLF4J providers were found.
SLF4J(W): Defaulting to no-operation (NOP) logger implementation
SLF4J(W): See https://www.slf4j.org/codes.html#noProviders for further details.
Jun 04, 2026 1:41:10 PM org.openqa.selenium.devtools.CdpVersionFinder findNearestMatch
WARNING: Unable to find CDP implementation matching 148
Jun 04, 2026 1:41:10 PM org.openqa.selenium.chromium.ChromiumDriver lambda$new$4
WARNING: Unable to find version of CDP to use for 148.0.7778.181. You may need to include a dependency on a specific version of the CDP using something similar to `org.seleniumhq.selenium:selenium-devtools-v86:4.35.0` where the version ("v86") matches the version of the chromium-based browser you're using and the version number of the artifact is the same as Selenium's.
]]></system-err>
  </testcase>
  <testcase name="runScenario[&quot;Checkout product&quot;, &quot;Checkout&quot;](2)" classname="com.opencart.runners.TestRunner" time="9.319">
    <system-out><![CDATA[
Scenario: Checkout product               # src/test/resources/features/checkout.feature:3
  Given Product is available in cart     # com.opencart.stepdefinitions.CheckoutSteps.product_is_available_in_cart()
  When User proceeds to checkout         # com.opencart.stepdefinitions.CheckoutSteps.user_proceeds_to_checkout()
Checkout Page Opened
  Then Checkout page should be displayed # com.opencart.stepdefinitions.CheckoutSteps.checkout_page_should_be_displayed()
]]></system-out>
    <system-err><![CDATA[Jun 04, 2026 1:41:19 PM org.openqa.selenium.devtools.CdpVersionFinder findNearestMatch
WARNING: Unable to find CDP implementation matching 148
Jun 04, 2026 1:41:19 PM org.openqa.selenium.chromium.ChromiumDriver lambda$new$4
WARNING: Unable to find version of CDP to use for 148.0.7778.181. You may need to include a dependency on a specific version of the CDP using something similar to `org.seleniumhq.selenium:selenium-devtools-v86:4.35.0` where the version ("v86") matches the version of the chromium-based browser you're using and the version number of the artifact is the same as Selenium's.
]]></system-err>
  </testcase>
  <testcase name="runScenario[&quot;Login with different credentials&quot;, &quot;Login Functionality&quot;](3)" classname="com.opencart.runners.TestRunner" time="11.224">
    <system-out><![CDATA[
Scenario Outline: Login with different credentials # src/test/resources/features/login.feature:12
  Given User is on Login page                      # com.opencart.stepdefinitions.LoginSteps.user_is_on_login_page()
  When User enters "test@gmail.com" and "Test123"  # com.opencart.stepdefinitions.LoginSteps.user_enters_and(java.lang.String,java.lang.String)
  And Clicks Login button                          # com.opencart.stepdefinitions.LoginSteps.clicks_login_button()
Result: Success
  Then Verify "Success"                            # com.opencart.stepdefinitions.LoginSteps.verify(java.lang.String)
]]></system-out>
    <system-err><![CDATA[Jun 04, 2026 1:41:28 PM org.openqa.selenium.devtools.CdpVersionFinder findNearestMatch
WARNING: Unable to find CDP implementation matching 148
Jun 04, 2026 1:41:28 PM org.openqa.selenium.chromium.ChromiumDriver lambda$new$4
WARNING: Unable to find version of CDP to use for 148.0.7778.181. You may need to include a dependency on a specific version of the CDP using something similar to `org.seleniumhq.selenium:selenium-devtools-v86:4.35.0` where the version ("v86") matches the version of the chromium-based browser you're using and the version number of the artifact is the same as Selenium's.
]]></system-err>
  </testcase>
  <testcase name="runScenario[&quot;Login with different credentials&quot;, &quot;Login Functionality&quot;](4)" classname="com.opencart.runners.TestRunner" time="9.206">
    <system-out><![CDATA[
Scenario Outline: Login with different credentials # src/test/resources/features/login.feature:13
  Given User is on Login page                      # com.opencart.stepdefinitions.LoginSteps.user_is_on_login_page()
  When User enters "wrong@gmail.com" and "Test123" # com.opencart.stepdefinitions.LoginSteps.user_enters_and(java.lang.String,java.lang.String)
  And Clicks Login button                          # com.opencart.stepdefinitions.LoginSteps.clicks_login_button()
Result: Failure
  Then Verify "Failure"                            # com.opencart.stepdefinitions.LoginSteps.verify(java.lang.String)
]]></system-out>
    <system-err><![CDATA[Jun 04, 2026 1:41:39 PM org.openqa.selenium.devtools.CdpVersionFinder findNearestMatch
WARNING: Unable to find CDP implementation matching 148
Jun 04, 2026 1:41:39 PM org.openqa.selenium.chromium.ChromiumDriver lambda$new$4
WARNING: Unable to find version of CDP to use for 148.0.7778.181. You may need to include a dependency on a specific version of the CDP using something similar to `org.seleniumhq.selenium:selenium-devtools-v86:4.35.0` where the version ("v86") matches the version of the chromium-based browser you're using and the version number of the artifact is the same as Selenium's.
]]></system-err>
  </testcase>
  <testcase name="runScenario[&quot;Login with different credentials&quot;, &quot;Login Functionality&quot;](5)" classname="com.opencart.runners.TestRunner" time="9.235">
    <system-out><![CDATA[
Scenario Outline: Login with different credentials # src/test/resources/features/login.feature:14
  Given User is on Login page                      # com.opencart.stepdefinitions.LoginSteps.user_is_on_login_page()
  When User enters "test@gmail.com" and "wrong123" # com.opencart.stepdefinitions.LoginSteps.user_enters_and(java.lang.String,java.lang.String)
  And Clicks Login button                          # com.opencart.stepdefinitions.LoginSteps.clicks_login_button()
Result: Failure
  Then Verify "Failure"                            # com.opencart.stepdefinitions.LoginSteps.verify(java.lang.String)
]]></system-out>
    <system-err><![CDATA[Jun 04, 2026 1:41:49 PM org.openqa.selenium.devtools.CdpVersionFinder findNearestMatch
WARNING: Unable to find CDP implementation matching 148
Jun 04, 2026 1:41:49 PM org.openqa.selenium.chromium.ChromiumDriver lambda$new$4
WARNING: Unable to find version of CDP to use for 148.0.7778.181. You may need to include a dependency on a specific version of the CDP using something similar to `org.seleniumhq.selenium:selenium-devtools-v86:4.35.0` where the version ("v86") matches the version of the chromium-based browser you're using and the version number of the artifact is the same as Selenium's.
]]></system-err>
  </testcase>
  <testcase name="runScenario[&quot;Login with different credentials&quot;, &quot;Login Functionality&quot;](6)" classname="com.opencart.runners.TestRunner" time="9.842">
    <system-out><![CDATA[
Scenario Outline: Login with different credentials # src/test/resources/features/login.feature:15
  Given User is on Login page                      # com.opencart.stepdefinitions.LoginSteps.user_is_on_login_page()
  When User enters "" and ""                       # com.opencart.stepdefinitions.LoginSteps.user_enters_and(java.lang.String,java.lang.String)
  And Clicks Login button                          # com.opencart.stepdefinitions.LoginSteps.clicks_login_button()
Result: Failure
  Then Verify "Failure"                            # com.opencart.stepdefinitions.LoginSteps.verify(java.lang.String)
]]></system-out>
    <system-err><![CDATA[Jun 04, 2026 1:41:58 PM org.openqa.selenium.devtools.CdpVersionFinder findNearestMatch
WARNING: Unable to find CDP implementation matching 148
Jun 04, 2026 1:41:58 PM org.openqa.selenium.chromium.ChromiumDriver lambda$new$4
WARNING: Unable to find version of CDP to use for 148.0.7778.181. You may need to include a dependency on a specific version of the CDP using something similar to `org.seleniumhq.selenium:selenium-devtools-v86:4.35.0` where the version ("v86") matches the version of the chromium-based browser you're using and the version number of the artifact is the same as Selenium's.
]]></system-err>
  </testcase>
  <testcase name="runScenario[&quot;Search products&quot;, &quot;Product Search&quot;](7)" classname="com.opencart.runners.TestRunner" time="9.588">
    <system-out><![CDATA[
Scenario Outline: Search products   # src/test/resources/features/product.feature:11
  Given User is on Home page        # com.opencart.stepdefinitions.ProductSteps.user_is_on_home_page()
  When User searches for "iPhone"   # com.opencart.stepdefinitions.ProductSteps.user_searches_for(java.lang.String)
Found
  Then Verify search result "Found" # com.opencart.stepdefinitions.ProductSteps.verify_search_result(java.lang.String)
]]></system-out>
    <system-err><![CDATA[Jun 04, 2026 1:42:08 PM org.openqa.selenium.devtools.CdpVersionFinder findNearestMatch
WARNING: Unable to find CDP implementation matching 148
Jun 04, 2026 1:42:08 PM org.openqa.selenium.chromium.ChromiumDriver lambda$new$4
WARNING: Unable to find version of CDP to use for 148.0.7778.181. You may need to include a dependency on a specific version of the CDP using something similar to `org.seleniumhq.selenium:selenium-devtools-v86:4.35.0` where the version ("v86") matches the version of the chromium-based browser you're using and the version number of the artifact is the same as Selenium's.
]]></system-err>
  </testcase>
  <testcase name="runScenario[&quot;Search products&quot;, &quot;Product Search&quot;](8)" classname="com.opencart.runners.TestRunner" time="9.378">
    <system-out><![CDATA[
Scenario Outline: Search products   # src/test/resources/features/product.feature:12
  Given User is on Home page        # com.opencart.stepdefinitions.ProductSteps.user_is_on_home_page()
  When User searches for "MacBook"  # com.opencart.stepdefinitions.ProductSteps.user_searches_for(java.lang.String)
Found
  Then Verify search result "Found" # com.opencart.stepdefinitions.ProductSteps.verify_search_result(java.lang.String)
]]></system-out>
    <system-err><![CDATA[Jun 04, 2026 1:42:17 PM org.openqa.selenium.devtools.CdpVersionFinder findNearestMatch
WARNING: Unable to find CDP implementation matching 148
Jun 04, 2026 1:42:17 PM org.openqa.selenium.chromium.ChromiumDriver lambda$new$4
WARNING: Unable to find version of CDP to use for 148.0.7778.181. You may need to include a dependency on a specific version of the CDP using something similar to `org.seleniumhq.selenium:selenium-devtools-v86:4.35.0` where the version ("v86") matches the version of the chromium-based browser you're using and the version number of the artifact is the same as Selenium's.
]]></system-err>
  </testcase>
  <testcase name="runScenario[&quot;Search products&quot;, &quot;Product Search&quot;](9)" classname="com.opencart.runners.TestRunner" time="10.981">
    <system-out><![CDATA[
Scenario Outline: Search products      # src/test/resources/features/product.feature:13
  Given User is on Home page           # com.opencart.stepdefinitions.ProductSteps.user_is_on_home_page()
  When User searches for "xyz123"      # com.opencart.stepdefinitions.ProductSteps.user_searches_for(java.lang.String)
NotFound
  Then Verify search result "NotFound" # com.opencart.stepdefinitions.ProductSteps.verify_search_result(java.lang.String)
]]></system-out>
    <system-err><![CDATA[Jun 04, 2026 1:42:27 PM org.openqa.selenium.devtools.CdpVersionFinder findNearestMatch
WARNING: Unable to find CDP implementation matching 148
Jun 04, 2026 1:42:27 PM org.openqa.selenium.chromium.ChromiumDriver lambda$new$4
WARNING: Unable to find version of CDP to use for 148.0.7778.181. You may need to include a dependency on a specific version of the CDP using something similar to `org.seleniumhq.selenium:selenium-devtools-v86:4.35.0` where the version ("v86") matches the version of the chromium-based browser you're using and the version number of the artifact is the same as Selenium's.
]]></system-err>
  </testcase>
  <testcase name="runScenario[&quot;Search products&quot;, &quot;Product Search&quot;](10)" classname="com.opencart.runners.TestRunner" time="11.223">
    <system-out><![CDATA[
Scenario Outline: Search products      # src/test/resources/features/product.feature:14
  Given User is on Home page           # com.opencart.stepdefinitions.ProductSteps.user_is_on_home_page()
  When User searches for ""            # com.opencart.stepdefinitions.ProductSteps.user_searches_for(java.lang.String)
NotFound
  Then Verify search result "NotFound" # com.opencart.stepdefinitions.ProductSteps.verify_search_result(java.lang.String)
]]></system-out>
    <system-err><![CDATA[Jun 04, 2026 1:42:38 PM org.openqa.selenium.devtools.CdpVersionFinder findNearestMatch
WARNING: Unable to find CDP implementation matching 148
Jun 04, 2026 1:42:38 PM org.openqa.selenium.chromium.ChromiumDriver lambda$new$4
WARNING: Unable to find version of CDP to use for 148.0.7778.181. You may need to include a dependency on a specific version of the CDP using something similar to `org.seleniumhq.selenium:selenium-devtools-v86:4.35.0` where the version ("v86") matches the version of the chromium-based browser you're using and the version number of the artifact is the same as Selenium's.
]]></system-err>
  </testcase>
  <testcase name="runScenario[&quot;Register new users&quot;, &quot;Registration Functionality&quot;](11)" classname="com.opencart.runners.TestRunner" time="11.525">
    <system-out><![CDATA[
Scenario Outline: Register new users                                                 # src/test/resources/features/registration.feature:12
  Given User is on Registration page                                                 # com.opencart.stepdefinitions.RegistrationSteps.user_is_on_registration_page()
  When User enters registration details "Khushbu" "Rautu" "9876543210" "Password123" # com.opencart.stepdefinitions.RegistrationSteps.user_enters_registration_details(java.lang.String,java.lang.String,java.lang.String,java.lang.String)
  And Clicks on Continue button                                                      # com.opencart.stepdefinitions.RegistrationSteps.clicks_on_continue_button()
Registration Successful
  Then Account should be created successfully                                        # com.opencart.stepdefinitions.RegistrationSteps.account_should_be_created_successfully()
]]></system-out>
    <system-err><![CDATA[Jun 04, 2026 1:42:49 PM org.openqa.selenium.devtools.CdpVersionFinder findNearestMatch
WARNING: Unable to find CDP implementation matching 148
Jun 04, 2026 1:42:49 PM org.openqa.selenium.chromium.ChromiumDriver lambda$new$4
WARNING: Unable to find version of CDP to use for 148.0.7778.181. You may need to include a dependency on a specific version of the CDP using something similar to `org.seleniumhq.selenium:selenium-devtools-v86:4.35.0` where the version ("v86") matches the version of the chromium-based browser you're using and the version number of the artifact is the same as Selenium's.
]]></system-err>
  </testcase>
</testsuite>