<?xml version="1.0" encoding="UTF-8"?>
<!-- Generated by org.testng.reporters.JUnitReportReporter -->
<testsuite hostname="aman" failures="0" tests="11" name="com.opencart.runners.TestRunner" time="121.811" errors="0" timestamp="2026-06-04T16:08:56 IST" skipped="0">
  <testcase classname="com.opencart.runners.TestRunner" name="runScenario" time="10.417"/>
  <testcase classname="com.opencart.runners.TestRunner" name="runScenario" time="10.088"/>
  <testcase classname="com.opencart.runners.TestRunner" name="runScenario" time="10.259"/>
  <testcase classname="com.opencart.runners.TestRunner" name="runScenario" time="9.817"/>
  <testcase classname="com.opencart.runners.TestRunner" name="runScenario" time="11.265"/>
  <testcase classname="com.opencart.runners.TestRunner" name="runScenario" time="9.712"/>
  <testcase classname="com.opencart.runners.TestRunner" name="runScenario" time="10.743"/>
  <testcase classname="com.opencart.runners.TestRunner" name="runScenario" time="9.951"/>
  <testcase classname="com.opencart.runners.TestRunner" name="runScenario" time="11.706"/>
  <testcase classname="com.opencart.runners.TestRunner" name="runScenario" time="16.851"/>
  <testcase classname="com.opencart.runners.TestRunner" name="runScenario" time="11.002"/>
</testsuite> <!-- com.opencart.runners.TestRunner -->
