<?xml version="1.0" encoding="UTF-8"?>
<!-- Generated by org.testng.reporters.JUnitReportReporter -->
<testsuite hostname="LAPTOP-N312824R" failures="0" tests="11" name="com.opencart.runners.TestRunner" time="111.386" errors="0" timestamp="2026-06-04T13:43:00 IST" skipped="0">
  <testcase classname="com.opencart.runners.TestRunner" name="runScenario" time="11.223"/>
  <testcase classname="com.opencart.runners.TestRunner" name="runScenario" time="9.588"/>
  <testcase classname="com.opencart.runners.TestRunner" name="runScenario" time="9.205"/>
  <testcase classname="com.opencart.runners.TestRunner" name="runScenario" time="9.865"/>
  <testcase classname="com.opencart.runners.TestRunner" name="runScenario" time="9.841"/>
  <testcase classname="com.opencart.runners.TestRunner" name="runScenario" time="9.320"/>
  <testcase classname="com.opencart.runners.TestRunner" name="runScenario" time="11.525"/>
  <testcase classname="com.opencart.runners.TestRunner" name="runScenario" time="11.223"/>
  <testcase classname="com.opencart.runners.TestRunner" name="runScenario" time="9.379"/>
  <testcase classname="com.opencart.runners.TestRunner" name="runScenario" time="9.235"/>
  <testcase classname="com.opencart.runners.TestRunner" name="runScenario" time="10.982"/>
</testsuite> <!-- com.opencart.runners.TestRunner -->
